Determining if the Q_WS_WIN exist failed with the following output:
Change Dir: /home/nvidia/Electron/CV/jetson-inference/build/CMakeFiles/CMakeTmp

Run Build Command:"/usr/bin/make" "cmTC_8486d/fast"
/usr/bin/make -f CMakeFiles/cmTC_8486d.dir/build.make CMakeFiles/cmTC_8486d.dir/build
make[1]: Entering directory '/home/nvidia/Electron/CV/jetson-inference/build/CMakeFiles/CMakeTmp'
Building CXX object CMakeFiles/cmTC_8486d.dir/CheckSymbolExists.cxx.o
/usr/bin/c++    -I/usr/include/qt4  -std=c++11    -o CMakeFiles/cmTC_8486d.dir/CheckSymbolExists.cxx.o -c /home/nvidia/Electron/CV/jetson-inference/build/CMakeFiles/CMakeTmp/CheckSymbolExists.cxx
/home/nvidia/Electron/CV/jetson-inference/build/CMakeFiles/CMakeTmp/CheckSymbolExists.cxx: In function ‘int main(int, char**)’:
/home/nvidia/Electron/CV/jetson-inference/build/CMakeFiles/CMakeTmp/CheckSymbolExists.cxx:8:19: error: ‘Q_WS_WIN’ was not declared in this scope
   return ((int*)(&Q_WS_WIN))[argc];
                   ^
CMakeFiles/cmTC_8486d.dir/build.make:65: recipe for target 'CMakeFiles/cmTC_8486d.dir/CheckSymbolExists.cxx.o' failed
make[1]: *** [CMakeFiles/cmTC_8486d.dir/CheckSymbolExists.cxx.o] Error 1
make[1]: Leaving directory '/home/nvidia/Electron/CV/jetson-inference/build/CMakeFiles/CMakeTmp'
Makefile:126: recipe for target 'cmTC_8486d/fast' failed
make: *** [cmTC_8486d/fast] Error 2

File /home/nvidia/Electron/CV/jetson-inference/build/CMakeFiles/CMakeTmp/CheckSymbolExists.cxx:
/* */
#include <QtCore/qglobal.h>

int main(int argc, char** argv)
{
  (void)argv;
#ifndef Q_WS_WIN
  return ((int*)(&Q_WS_WIN))[argc];
#else
  (void)argc;
  return 0;
#endif
}

Determining if the Q_WS_QWS exist failed with the following output:
Change Dir: /home/nvidia/Electron/CV/jetson-inference/build/CMakeFiles/CMakeTmp

Run Build Command:"/usr/bin/make" "cmTC_62fbd/fast"
/usr/bin/make -f CMakeFiles/cmTC_62fbd.dir/build.make CMakeFiles/cmTC_62fbd.dir/build
make[1]: Entering directory '/home/nvidia/Electron/CV/jetson-inference/build/CMakeFiles/CMakeTmp'
Building CXX object CMakeFiles/cmTC_62fbd.dir/CheckSymbolExists.cxx.o
/usr/bin/c++    -I/usr/include/qt4  -std=c++11    -o CMakeFiles/cmTC_62fbd.dir/CheckSymbolExists.cxx.o -c /home/nvidia/Electron/CV/jetson-inference/build/CMakeFiles/CMakeTmp/CheckSymbolExists.cxx
/home/nvidia/Electron/CV/jetson-inference/build/CMakeFiles/CMakeTmp/CheckSymbolExists.cxx: In function ‘int main(int, char**)’:
/home/nvidia/Electron/CV/jetson-inference/build/CMakeFiles/CMakeTmp/CheckSymbolExists.cxx:8:19: error: ‘Q_WS_QWS’ was not declared in this scope
   return ((int*)(&Q_WS_QWS))[argc];
                   ^
CMakeFiles/cmTC_62fbd.dir/build.make:65: recipe for target 'CMakeFiles/cmTC_62fbd.dir/CheckSymbolExists.cxx.o' failed
make[1]: *** [CMakeFiles/cmTC_62fbd.dir/CheckSymbolExists.cxx.o] Error 1
make[1]: Leaving directory '/home/nvidia/Electron/CV/jetson-inference/build/CMakeFiles/CMakeTmp'
Makefile:126: recipe for target 'cmTC_62fbd/fast' failed
make: *** [cmTC_62fbd/fast] Error 2

File /home/nvidia/Electron/CV/jetson-inference/build/CMakeFiles/CMakeTmp/CheckSymbolExists.cxx:
/* */
#include <QtCore/qglobal.h>

int main(int argc, char** argv)
{
  (void)argv;
#ifndef Q_WS_QWS
  return ((int*)(&Q_WS_QWS))[argc];
#else
  (void)argc;
  return 0;
#endif
}

Determining if the Q_WS_MAC exist failed with the following output:
Change Dir: /home/nvidia/Electron/CV/jetson-inference/build/CMakeFiles/CMakeTmp

Run Build Command:"/usr/bin/make" "cmTC_ca3c5/fast"
/usr/bin/make -f CMakeFiles/cmTC_ca3c5.dir/build.make CMakeFiles/cmTC_ca3c5.dir/build
make[1]: Entering directory '/home/nvidia/Electron/CV/jetson-inference/build/CMakeFiles/CMakeTmp'
Building CXX object CMakeFiles/cmTC_ca3c5.dir/CheckSymbolExists.cxx.o
/usr/bin/c++    -I/usr/include/qt4  -std=c++11    -o CMakeFiles/cmTC_ca3c5.dir/CheckSymbolExists.cxx.o -c /home/nvidia/Electron/CV/jetson-inference/build/CMakeFiles/CMakeTmp/CheckSymbolExists.cxx
/home/nvidia/Electron/CV/jetson-inference/build/CMakeFiles/CMakeTmp/CheckSymbolExists.cxx: In function ‘int main(int, char**)’:
/home/nvidia/Electron/CV/jetson-inference/build/CMakeFiles/CMakeTmp/CheckSymbolExists.cxx:8:19: error: ‘Q_WS_MAC’ was not declared in this scope
   return ((int*)(&Q_WS_MAC))[argc];
                   ^
CMakeFiles/cmTC_ca3c5.dir/build.make:65: recipe for target 'CMakeFiles/cmTC_ca3c5.dir/CheckSymbolExists.cxx.o' failed
make[1]: *** [CMakeFiles/cmTC_ca3c5.dir/CheckSymbolExists.cxx.o] Error 1
make[1]: Leaving directory '/home/nvidia/Electron/CV/jetson-inference/build/CMakeFiles/CMakeTmp'
Makefile:126: recipe for target 'cmTC_ca3c5/fast' failed
make: *** [cmTC_ca3c5/fast] Error 2

File /home/nvidia/Electron/CV/jetson-inference/build/CMakeFiles/CMakeTmp/CheckSymbolExists.cxx:
/* */
#include <QtCore/qglobal.h>

int main(int argc, char** argv)
{
  (void)argv;
#ifndef Q_WS_MAC
  return ((int*)(&Q_WS_MAC))[argc];
#else
  (void)argc;
  return 0;
#endif
}

Determining if the pthread_create exist failed with the following output:
Change Dir: /home/nvidia/Electron/CV/jetson-inference/build/CMakeFiles/CMakeTmp

Run Build Command:"/usr/bin/make" "cmTC_fc344/fast"
/usr/bin/make -f CMakeFiles/cmTC_fc344.dir/build.make CMakeFiles/cmTC_fc344.dir/build
make[1]: Entering directory '/home/nvidia/Electron/CV/jetson-inference/build/CMakeFiles/CMakeTmp'
Building C object CMakeFiles/cmTC_fc344.dir/CheckSymbolExists.c.o
/usr/bin/cc    -fPIC    -o CMakeFiles/cmTC_fc344.dir/CheckSymbolExists.c.o   -c /home/nvidia/Electron/CV/jetson-inference/build/CMakeFiles/CMakeTmp/CheckSymbolExists.c
Linking C executable cmTC_fc344
/usr/bin/cmake -E cmake_link_script CMakeFiles/cmTC_fc344.dir/link.txt --verbose=1
/usr/bin/cc  -fPIC     CMakeFiles/cmTC_fc344.dir/CheckSymbolExists.c.o  -o cmTC_fc344 -rdynamic 
CMakeFiles/cmTC_fc344.dir/CheckSymbolExists.c.o: In function `main':
CheckSymbolExists.c:(.text+0x14): undefined reference to `pthread_create'
CheckSymbolExists.c:(.text+0x18): undefined reference to `pthread_create'
collect2: error: ld returned 1 exit status
CMakeFiles/cmTC_fc344.dir/build.make:97: recipe for target 'cmTC_fc344' failed
make[1]: *** [cmTC_fc344] Error 1
make[1]: Leaving directory '/home/nvidia/Electron/CV/jetson-inference/build/CMakeFiles/CMakeTmp'
Makefile:126: recipe for target 'cmTC_fc344/fast' failed
make: *** [cmTC_fc344/fast] Error 2

File /home/nvidia/Electron/CV/jetson-inference/build/CMakeFiles/CMakeTmp/CheckSymbolExists.c:
/* */
#include <pthread.h>

int main(int argc, char** argv)
{
  (void)argv;
#ifndef pthread_create
  return ((int*)(&pthread_create))[argc];
#else
  (void)argc;
  return 0;
#endif
}

Determining if the function pthread_create exists in the pthreads failed with the following output:
Change Dir: /home/nvidia/Electron/CV/jetson-inference/build/CMakeFiles/CMakeTmp

Run Build Command:"/usr/bin/make" "cmTC_def4c/fast"
/usr/bin/make -f CMakeFiles/cmTC_def4c.dir/build.make CMakeFiles/cmTC_def4c.dir/build
make[1]: Entering directory '/home/nvidia/Electron/CV/jetson-inference/build/CMakeFiles/CMakeTmp'
Building C object CMakeFiles/cmTC_def4c.dir/CheckFunctionExists.c.o
/usr/bin/cc    -fPIC -DCHECK_FUNCTION_EXISTS=pthread_create   -o CMakeFiles/cmTC_def4c.dir/CheckFunctionExists.c.o   -c /usr/share/cmake-3.5/Modules/CheckFunctionExists.c
Linking C executable cmTC_def4c
/usr/bin/cmake -E cmake_link_script CMakeFiles/cmTC_def4c.dir/link.txt --verbose=1
/usr/bin/cc  -fPIC -DCHECK_FUNCTION_EXISTS=pthread_create    CMakeFiles/cmTC_def4c.dir/CheckFunctionExists.c.o  -o cmTC_def4c -rdynamic -lpthreads 
/usr/bin/ld: cannot find -lpthreads
collect2: error: ld returned 1 exit status
CMakeFiles/cmTC_def4c.dir/build.make:97: recipe for target 'cmTC_def4c' failed
make[1]: *** [cmTC_def4c] Error 1
make[1]: Leaving directory '/home/nvidia/Electron/CV/jetson-inference/build/CMakeFiles/CMakeTmp'
Makefile:126: recipe for target 'cmTC_def4c/fast' failed
make: *** [cmTC_def4c/fast] Error 2


